#
# A fatal error has been detected by the Java Runtime Environment:
#
#  EXCEPTION_ACCESS_VIOLATION (0xc0000005) at pc=0x000000006169bd50, pid=2540, tid=2336
#
# JRE version: Java(TM) SE Runtime Environment (9.0+11) (build 9.0.1+11)
# Java VM: Java HotSpot(TM) 64-Bit Server VM (9.0.1+11, mixed mode, tiered, compressed oops, g1 gc, windows-amd64)
# Problematic frame:
# V  [jvm.dll+0x32bd50]
#
# No core dump will be written. Minidumps are not enabled by default on client versions of Windows
#
# If you would like to submit a bug report, please visit:
#   http://bugreport.java.com/bugreport/crash.jsp
#

---------------  S U M M A R Y ------------

Command Line: -agentlib:jdwp=transport=dt_socket,address=127.0.0.1:51014,suspend=y,server=n -ea -Didea.test.cyclic.buffer.size=1048576 -javaagent:C:\Users\OLEG\AppData\Local\JetBrains\Toolbox\apps\IDEA-U\ch-0\173.3942.27\lib\rt\debugger-agent.jar=C:\Users\OLEG\AppData\Local\Temp\capture44551.props -Dfile.encoding=UTF-8 com.intellij.rt.execution.junit.JUnitStarter -ideVersion5 -junit4 com.iba.project.tools.formula.parser.VariableCounterTest

Host: Intel(R) Core(TM) i7-7700HQ CPU @ 2.80GHz, 8 cores, 7G,  Windows 10 , 64 bit Build 15063 (10.0.15063.296)
Time: Mon Dec 25 22:31:02 2017 Belarus Standard Time elapsed time: 606 seconds (0d 0h 10m 6s)

---------------  T H R E A D  ---------------

Current thread (0x000002b6e46f7800):  VMThread "VM Thread" [stack: 0x000000d5a9d00000,0x000000d5a9e00000] [id=2336]

Stack: [0x000000d5a9d00000,0x000000d5a9e00000],  sp=0x000000d5a9dfe540,  free space=1017k
Native frames: (J=compiled Java code, j=interpreted, Vv=VM code, C=native code)
V  [jvm.dll+0x32bd50]
V  [jvm.dll+0x327708]
V  [jvm.dll+0x34200f]
V  [jvm.dll+0x34522d]
V  [jvm.dll+0x2968e0]
V  [jvm.dll+0x2969d9]
V  [jvm.dll+0x2f8671]
V  [jvm.dll+0x2f2f9e]
V  [jvm.dll+0x2f4043]
V  [jvm.dll+0x2f5f53]
V  [jvm.dll+0x2f654e]
V  [jvm.dll+0x2f3d05]
V  [jvm.dll+0x2f3173]
V  [jvm.dll+0x57845f]
V  [jvm.dll+0x57876c]
V  [jvm.dll+0x578613]
V  [jvm.dll+0x578e0c]
V  [jvm.dll+0x546f8a]
V  [jvm.dll+0x465261]
V  [jvm.dll+0x6a34eb]
V  [jvm.dll+0x6a1c85]
V  [jvm.dll+0x6a2461]
V  [jvm.dll+0x6a274c]
V  [jvm.dll+0x5864e0]
C  [msvcr120.dll+0x24f7f]
C  [msvcr120.dll+0x25126]
C  [KERNEL32.DLL+0x12774]
C  [ntdll.dll+0x70d51]


siginfo: EXCEPTION_ACCESS_VIOLATION (0xc0000005), reading address 0xffffffffffffffff


Register to memory mapping:

RIP=0x000000006169bd50 jvm.dll
RAX=0x0002001600000040 is an unknown value
RBX=0x000002b6e46f7800 is an unknown value
RCX=0x00000001000016d0 is pointing into metadata
RDX=0x0002001600000040 is an unknown value
RSP=0x000000d5a9dfe540 is an unknown value
RBP=0x0000000000000003 is an unknown value
RSI=0x000000d5a9dfe600 is an unknown value
RDI=0x0000000000000000 is an unknown value
R8 =0x000002b6e46f7800 is an unknown value
R9 =0x0002001600000040 is an unknown value
R10=0x0000000000000065 is an unknown value
R11=0x0000000000000065 is an unknown value
R12=0x000000d5a9dff301 is an unknown value
R13=0x0000000000000000 is an unknown value
R14=0x000000000000004e is an unknown value
R15=0x0000000000000001 is an unknown value


Registers:
RAX=0x0002001600000040, RBX=0x000002b6e46f7800, RCX=0x00000001000016d0, RDX=0x0002001600000040
RSP=0x000000d5a9dfe540, RBP=0x0000000000000003, RSI=0x000000d5a9dfe600, RDI=0x0000000000000000
R8 =0x000002b6e46f7800, R9 =0x0002001600000040, R10=0x0000000000000065, R11=0x0000000000000065
R12=0x000000d5a9dff301, R13=0x0000000000000000, R14=0x000000000000004e, R15=0x0000000000000001
RIP=0x000000006169bd50, EFLAGS=0x0000000000010246

Top of Stack: (sp=0x000000d5a9dfe540)
0x000000d5a9dfe540:   00000001000016d0 0000000000000000
0x000000d5a9dfe550:   0000000000000000 000002b6e46f7800
0x000000d5a9dfe560:   0000000000000000 0000000061697708
0x000000d5a9dfe570:   00000001000016d0 000002b6e46f7800
0x000000d5a9dfe580:   000000d5a9dfe600 000002b6e46f7800
0x000000d5a9dfe590:   000000d5a9dfe670 00000000616b200f
0x000000d5a9dfe5a0:   000002b6e46f7800 0000000000000000
0x000000d5a9dfe5b0:   0000000000000000 0000000000000000
0x000000d5a9dfe5c0:   0000000000000140 000002b6e45e1010
0x000000d5a9dfe5d0:   000000d5a9dfe670 00000000616b522d
0x000000d5a9dfe5e0:   0000000000000000 000000d5a9dfe7d0
0x000000d5a9dfe5f0:   000000000000004e 0000000000000000
0x000000d5a9dfe600:   0000000000000000 0000000000000000
0x000000d5a9dfe610:   000002b6e46f7800 000000d5a9dfe7d0
0x000000d5a9dfe620:   0000000000000000 00000000616068e0
0x000000d5a9dfe630:   000000d5a9dfe7c0 0000000000000001 

Instructions: (pc=0x000000006169bd50)
0x000000006169bd30:   8b d8 e8 c9 89 d8 ff 48 83 7b 08 00 4c 8b c8 74
0x000000006169bd40:   04 33 ff eb 23 80 3d c9 ac 62 00 00 74 05 33 ff
0x000000006169bd50:   89 78 0c 48 8d 4d fe 48 8d 78 10 48 85 c9 74 05
0x000000006169bd60:   33 c0 f3 48 ab 49 8b f9 48 83 7b 08 00 48 8b 74 


VM_Operation (0x000000d5aa8ff680): GetOrSetLocal, mode: safepoint, requested by thread 0x000002b6e4b84000


---------------  P R O C E S S  ---------------

Java Threads: ( => current thread )
  0x000002b6e4b9b800 JavaThread "Service Thread" daemon [_thread_blocked, id=7756, stack(0x000000d5aab00000,0x000000d5aac00000)]
  0x000002b6e4b72000 JavaThread "JDWP Command Reader" daemon [_thread_in_native, id=12192, stack(0x000000d5aaa00000,0x000000d5aab00000)]
  0x000002b6e4b71000 JavaThread "JDWP Event Helper Thread" daemon [_thread_blocked, id=4684, stack(0x000000d5aa900000,0x000000d5aaa00000)]
  0x000002b6e4b84000 JavaThread "JDWP Transport Listener: dt_socket" daemon [_thread_blocked, id=8, stack(0x000000d5aa800000,0x000000d5aa900000)]
  0x000002b6e47d7000 JavaThread "Common-Cleaner" daemon [_thread_blocked, id=8884, stack(0x000000d5aa700000,0x000000d5aa800000)]
  0x000002b6e4765000 JavaThread "Sweeper thread" daemon [_thread_blocked, id=7508, stack(0x000000d5aa600000,0x000000d5aa700000)]
  0x000002b6e4762800 JavaThread "C1 CompilerThread3" daemon [_thread_blocked, id=2592, stack(0x000000d5aa500000,0x000000d5aa600000)]
  0x000002b6e475f800 JavaThread "C2 CompilerThread2" daemon [_thread_blocked, id=3800, stack(0x000000d5aa400000,0x000000d5aa500000)]
  0x000002b6e475e800 JavaThread "C2 CompilerThread1" daemon [_thread_blocked, id=12252, stack(0x000000d5aa300000,0x000000d5aa400000)]
  0x000002b6e475e000 JavaThread "C2 CompilerThread0" daemon [_thread_blocked, id=11536, stack(0x000000d5aa200000,0x000000d5aa300000)]
  0x000002b6e4759000 JavaThread "Attach Listener" daemon [_thread_blocked, id=7488, stack(0x000000d5aa100000,0x000000d5aa200000)]
  0x000002b6e4758800 JavaThread "Signal Dispatcher" daemon [_thread_blocked, id=9016, stack(0x000000d5aa000000,0x000000d5aa100000)]
  0x000002b6e46ff000 JavaThread "Finalizer" daemon [_thread_blocked, id=8340, stack(0x000000d5a9f00000,0x000000d5aa000000)]
  0x000002b6e46fd800 JavaThread "Reference Handler" daemon [_thread_blocked, id=5952, stack(0x000000d5a9e00000,0x000000d5a9f00000)]
  0x000002b6c0af6000 JavaThread "main" [_thread_blocked, id=10736, stack(0x000000d5a8800000,0x000000d5a8900000)]

Other Threads:
=>0x000002b6e46f7800 VMThread "VM Thread" [stack: 0x000000d5a9d00000,0x000000d5a9e00000] [id=2336]
  0x000002b6e4bd5800 WatcherThread [stack: 0x000000d5aac00000,0x000000d5aad00000] [id=11916]
  0x000002b6c0b0f800 GCTaskThread "GC Thread#0" [stack: 0x000000d5a8900000,0x000000d5a8a00000] [id=10852]
  0x000002b6c0b11000 GCTaskThread "GC Thread#1" [stack: 0x000000d5a8a00000,0x000000d5a8b00000] [id=4440]
  0x000002b6c0b12800 GCTaskThread "GC Thread#2" [stack: 0x000000d5a8b00000,0x000000d5a8c00000] [id=4276]
  0x000002b6c0b15000 GCTaskThread "GC Thread#3" [stack: 0x000000d5a8c00000,0x000000d5a8d00000] [id=5356]
  0x000002b6c0b17800 GCTaskThread "GC Thread#4" [stack: 0x000000d5a8d00000,0x000000d5a8e00000] [id=12136]
  0x000002b6c0b23000 GCTaskThread "GC Thread#5" [stack: 0x000000d5a8e00000,0x000000d5a8f00000] [id=11380]
  0x000002b6c0b24800 GCTaskThread "GC Thread#6" [stack: 0x000000d5a8f00000,0x000000d5a9000000] [id=8124]
  0x000002b6c0b28000 GCTaskThread "GC Thread#7" [stack: 0x000000d5a9000000,0x000000d5a9100000] [id=3356]
  0x000002b6c0b89000 ConcurrentGCThread "G1 Main Marker" [stack: 0x000000d5a9a00000,0x000000d5a9b00000] [id=9124]
  0x000002b6c0b27000 ConcurrentGCThread "G1 Marker#0" [stack: 0x000000d5a9b00000,0x000000d5a9c00000] [id=9052]
  0x000002b6c0b28800 ConcurrentGCThread "G1 Marker#1" [stack: 0x000000d5a9c00000,0x000000d5a9d00000] [id=7808]
  0x000002b6c0b3e800 ConcurrentGCThread "G1 Refine#0" [stack: 0x000000d5a9800000,0x000000d5a9900000] [id=11308]
  0x000002b6c0b3a800 ConcurrentGCThread "G1 Refine#1" [stack: 0x000000d5a9700000,0x000000d5a9800000] [id=11492]
  0x000002b6c0b3e000 ConcurrentGCThread "G1 Refine#2" [stack: 0x000000d5a9600000,0x000000d5a9700000] [id=5644]
  0x000002b6c0b3f800 ConcurrentGCThread "G1 Refine#3" [stack: 0x000000d5a9500000,0x000000d5a9600000] [id=7876]
  0x000002b6c0b40000 ConcurrentGCThread "G1 Refine#4" [stack: 0x000000d5a9400000,0x000000d5a9500000] [id=11728]
  0x000002b6c0b3d800 ConcurrentGCThread "G1 Refine#5" [stack: 0x000000d5a9300000,0x000000d5a9400000] [id=7452]
  0x000002b6c0b34800 ConcurrentGCThread "G1 Refine#6" [stack: 0x000000d5a9200000,0x000000d5a9300000] [id=11364]
  0x000002b6c0b30000 ConcurrentGCThread "G1 Refine#7" [stack: 0x000000d5a9100000,0x000000d5a9200000] [id=8648]
  0x000002b6c0b49800 ConcurrentGCThread "G1 Young RemSet Sampling" [stack: 0x000000d5a9900000,0x000000d5a9a00000] [id=2988]

Threads with active compile tasks:

VM state:at safepoint (normal execution)

VM Mutex/Monitor currently owned by a thread:  ([mutex/lock_event])
[0x000002b6c0af3c60] Threads_lock - owner thread: 0x000002b6e46f7800

Heap address: 0x0000000082400000, size: 2012 MB, Compressed Oops mode: 32-bit
Narrow klass base: 0x0000000000000000, Narrow klass shift: 3
Compressed class space size: 1073741824 Address: 0x0000000100000000

Heap:
 garbage-first heap   total 129024K, used 10240K [0x0000000082400000, 0x00000000825003f0, 0x0000000100000000)
  region size 1024K, 11 young (11264K), 0 survivors (0K)
 Metaspace       used 8338K, capacity 8556K, committed 8832K, reserved 1056768K
  class space    used 785K, capacity 834K, committed 896K, reserved 1048576K
Heap Regions: E=young(eden), S=young(survivor), O=old, HS=humongous(starts), HC=humongous(continues), CS=collection set, F=free, A=archive, TS=gc time stamp, AC=allocation context, TAMS=top-at-mark-start (previous, next)
|   0|0x0000000082400000, 0x0000000082400000, 0x0000000082500000|  0%| F|  |TS  0|AC  0|TAMS 0x0000000082400000, 0x0000000082400000|
|   1|0x0000000082500000, 0x0000000082500000, 0x0000000082600000|  0%| F|  |TS  0|AC  0|TAMS 0x0000000082500000, 0x0000000082500000|
|   2|0x0000000082600000, 0x0000000082600000, 0x0000000082700000|  0%| F|  |TS  0|AC  0|TAMS 0x0000000082600000, 0x0000000082600000|
|   3|0x0000000082700000, 0x0000000082700000, 0x0000000082800000|  0%| F|  |TS  0|AC  0|TAMS 0x0000000082700000, 0x0000000082700000|
|   4|0x0000000082800000, 0x0000000082800000, 0x0000000082900000|  0%| F|  |TS  0|AC  0|TAMS 0x0000000082800000, 0x0000000082800000|
|   5|0x0000000082900000, 0x0000000082900000, 0x0000000082a00000|  0%| F|  |TS  0|AC  0|TAMS 0x0000000082900000, 0x0000000082900000|
|   6|0x0000000082a00000, 0x0000000082a00000, 0x0000000082b00000|  0%| F|  |TS  0|AC  0|TAMS 0x0000000082a00000, 0x0000000082a00000|
|   7|0x0000000082b00000, 0x0000000082b00000, 0x0000000082c00000|  0%| F|  |TS  0|AC  0|TAMS 0x0000000082b00000, 0x0000000082b00000|
|   8|0x0000000082c00000, 0x0000000082c00000, 0x0000000082d00000|  0%| F|  |TS  0|AC  0|TAMS 0x0000000082c00000, 0x0000000082c00000|
|   9|0x0000000082d00000, 0x0000000082d00000, 0x0000000082e00000|  0%| F|  |TS  0|AC  0|TAMS 0x0000000082d00000, 0x0000000082d00000|
|  10|0x0000000082e00000, 0x0000000082e00000, 0x0000000082f00000|  0%| F|  |TS  0|AC  0|TAMS 0x0000000082e00000, 0x0000000082e00000|
|  11|0x0000000082f00000, 0x0000000082f00000, 0x0000000083000000|  0%| F|  |TS  0|AC  0|TAMS 0x0000000082f00000, 0x0000000082f00000|
|  12|0x0000000083000000, 0x0000000083000000, 0x0000000083100000|  0%| F|  |TS  0|AC  0|TAMS 0x0000000083000000, 0x0000000083000000|
|  13|0x0000000083100000, 0x0000000083100000, 0x0000000083200000|  0%| F|  |TS  0|AC  0|TAMS 0x0000000083100000, 0x0000000083100000|
|  14|0x0000000083200000, 0x0000000083200000, 0x0000000083300000|  0%| F|  |TS  0|AC  0|TAMS 0x0000000083200000, 0x0000000083200000|
|  15|0x0000000083300000, 0x0000000083300000, 0x0000000083400000|  0%| F|  |TS  0|AC  0|TAMS 0x0000000083300000, 0x0000000083300000|
|  16|0x0000000083400000, 0x0000000083400000, 0x0000000083500000|  0%| F|  |TS  0|AC  0|TAMS 0x0000000083400000, 0x0000000083400000|
|  17|0x0000000083500000, 0x0000000083500000, 0x0000000083600000|  0%| F|  |TS  0|AC  0|TAMS 0x0000000083500000, 0x0000000083500000|
|  18|0x0000000083600000, 0x0000000083600000, 0x0000000083700000|  0%| F|  |TS  0|AC  0|TAMS 0x0000000083600000, 0x0000000083600000|
|  19|0x0000000083700000, 0x0000000083700000, 0x0000000083800000|  0%| F|  |TS  0|AC  0|TAMS 0x0000000083700000, 0x0000000083700000|
|  20|0x0000000083800000, 0x0000000083800000, 0x0000000083900000|  0%| F|  |TS  0|AC  0|TAMS 0x0000000083800000, 0x0000000083800000|
|  21|0x0000000083900000, 0x0000000083900000, 0x0000000083a00000|  0%| F|  |TS  0|AC  0|TAMS 0x0000000083900000, 0x0000000083900000|
|  22|0x0000000083a00000, 0x0000000083a00000, 0x0000000083b00000|  0%| F|  |TS  0|AC  0|TAMS 0x0000000083a00000, 0x0000000083a00000|
|  23|0x0000000083b00000, 0x0000000083b00000, 0x0000000083c00000|  0%| F|  |TS  0|AC  0|TAMS 0x0000000083b00000, 0x0000000083b00000|
|  24|0x0000000083c00000, 0x0000000083c00000, 0x0000000083d00000|  0%| F|  |TS  0|AC  0|TAMS 0x0000000083c00000, 0x0000000083c00000|
|  25|0x0000000083d00000, 0x0000000083d00000, 0x0000000083e00000|  0%| F|  |TS  0|AC  0|TAMS 0x0000000083d00000, 0x0000000083d00000|
|  26|0x0000000083e00000, 0x0000000083e00000, 0x0000000083f00000|  0%| F|  |TS  0|AC  0|TAMS 0x0000000083e00000, 0x0000000083e00000|
|  27|0x0000000083f00000, 0x0000000083f00000, 0x0000000084000000|  0%| F|  |TS  0|AC  0|TAMS 0x0000000083f00000, 0x0000000083f00000|
|  28|0x0000000084000000, 0x0000000084000000, 0x0000000084100000|  0%| F|  |TS  0|AC  0|TAMS 0x0000000084000000, 0x0000000084000000|
|  29|0x0000000084100000, 0x0000000084100000, 0x0000000084200000|  0%| F|  |TS  0|AC  0|TAMS 0x0000000084100000, 0x0000000084100000|
|  30|0x0000000084200000, 0x0000000084200000, 0x0000000084300000|  0%| F|  |TS  0|AC  0|TAMS 0x0000000084200000, 0x0000000084200000|
|  31|0x0000000084300000, 0x0000000084300000, 0x0000000084400000|  0%| F|  |TS  0|AC  0|TAMS 0x0000000084300000, 0x0000000084300000|
|  32|0x0000000084400000, 0x0000000084400000, 0x0000000084500000|  0%| F|  |TS  0|AC  0|TAMS 0x0000000084400000, 0x0000000084400000|
|  33|0x0000000084500000, 0x0000000084500000, 0x0000000084600000|  0%| F|  |TS  0|AC  0|TAMS 0x0000000084500000, 0x0000000084500000|
|  34|0x0000000084600000, 0x0000000084600000, 0x0000000084700000|  0%| F|  |TS  0|AC  0|TAMS 0x0000000084600000, 0x0000000084600000|
|  35|0x0000000084700000, 0x0000000084700000, 0x0000000084800000|  0%| F|  |TS  0|AC  0|TAMS 0x0000000084700000, 0x0000000084700000|
|  36|0x0000000084800000, 0x0000000084800000, 0x0000000084900000|  0%| F|  |TS  0|AC  0|TAMS 0x0000000084800000, 0x0000000084800000|
|  37|0x0000000084900000, 0x0000000084900000, 0x0000000084a00000|  0%| F|  |TS  0|AC  0|TAMS 0x0000000084900000, 0x0000000084900000|
|  38|0x0000000084a00000, 0x0000000084a00000, 0x0000000084b00000|  0%| F|  |TS  0|AC  0|TAMS 0x0000000084a00000, 0x0000000084a00000|
|  39|0x0000000084b00000, 0x0000000084b00000, 0x0000000084c00000|  0%| F|  |TS  0|AC  0|TAMS 0x0000000084b00000, 0x0000000084b00000|
|  40|0x0000000084c00000, 0x0000000084c00000, 0x0000000084d00000|  0%| F|  |TS  0|AC  0|TAMS 0x0000000084c00000, 0x0000000084c00000|
|  41|0x0000000084d00000, 0x0000000084d00000, 0x0000000084e00000|  0%| F|  |TS  0|AC  0|TAMS 0x0000000084d00000, 0x0000000084d00000|
|  42|0x0000000084e00000, 0x0000000084e00000, 0x0000000084f00000|  0%| F|  |TS  0|AC  0|TAMS 0x0000000084e00000, 0x0000000084e00000|
|  43|0x0000000084f00000, 0x0000000084f00000, 0x0000000085000000|  0%| F|  |TS  0|AC  0|TAMS 0x0000000084f00000, 0x0000000084f00000|
|  44|0x0000000085000000, 0x0000000085000000, 0x0000000085100000|  0%| F|  |TS  0|AC  0|TAMS 0x0000000085000000, 0x0000000085000000|
|  45|0x0000000085100000, 0x0000000085100000, 0x0000000085200000|  0%| F|  |TS  0|AC  0|TAMS 0x0000000085100000, 0x0000000085100000|
|  46|0x0000000085200000, 0x0000000085200000, 0x0000000085300000|  0%| F|  |TS  0|AC  0|TAMS 0x0000000085200000, 0x0000000085200000|
|  47|0x0000000085300000, 0x0000000085300000, 0x0000000085400000|  0%| F|  |TS  0|AC  0|TAMS 0x0000000085300000, 0x0000000085300000|
|  48|0x0000000085400000, 0x0000000085400000, 0x0000000085500000|  0%| F|  |TS  0|AC  0|TAMS 0x0000000085400000, 0x0000000085400000|
|  49|0x0000000085500000, 0x0000000085500000, 0x0000000085600000|  0%| F|  |TS  0|AC  0|TAMS 0x0000000085500000, 0x0000000085500000|
|  50|0x0000000085600000, 0x0000000085600000, 0x0000000085700000|  0%| F|  |TS  0|AC  0|TAMS 0x0000000085600000, 0x0000000085600000|
|  51|0x0000000085700000, 0x0000000085700000, 0x0000000085800000|  0%| F|  |TS  0|AC  0|TAMS 0x0000000085700000, 0x0000000085700000|
|  52|0x0000000085800000, 0x0000000085800000, 0x0000000085900000|  0%| F|  |TS  0|AC  0|TAMS 0x0000000085800000, 0x0000000085800000|
|  53|0x0000000085900000, 0x0000000085900000, 0x0000000085a00000|  0%| F|  |TS  0|AC  0|TAMS 0x0000000085900000, 0x0000000085900000|
|  54|0x0000000085a00000, 0x0000000085a00000, 0x0000000085b00000|  0%| F|  |TS  0|AC  0|TAMS 0x0000000085a00000, 0x0000000085a00000|
|  55|0x0000000085b00000, 0x0000000085b00000, 0x0000000085c00000|  0%| F|  |TS  0|AC  0|TAMS 0x0000000085b00000, 0x0000000085b00000|
|  56|0x0000000085c00000, 0x0000000085c00000, 0x0000000085d00000|  0%| F|  |TS  0|AC  0|TAMS 0x0000000085c00000, 0x0000000085c00000|
|  57|0x0000000085d00000, 0x0000000085d00000, 0x0000000085e00000|  0%| F|  |TS  0|AC  0|TAMS 0x0000000085d00000, 0x0000000085d00000|
|  58|0x0000000085e00000, 0x0000000085e00000, 0x0000000085f00000|  0%| F|  |TS  0|AC  0|TAMS 0x0000000085e00000, 0x0000000085e00000|
|  59|0x0000000085f00000, 0x0000000085f00000, 0x0000000086000000|  0%| F|  |TS  0|AC  0|TAMS 0x0000000085f00000, 0x0000000085f00000|
|  60|0x0000000086000000, 0x0000000086000000, 0x0000000086100000|  0%| F|  |TS  0|AC  0|TAMS 0x0000000086000000, 0x0000000086000000|
|  61|0x0000000086100000, 0x0000000086100000, 0x0000000086200000|  0%| F|  |TS  0|AC  0|TAMS 0x0000000086100000, 0x0000000086100000|
|  62|0x0000000086200000, 0x0000000086200000, 0x0000000086300000|  0%| F|  |TS  0|AC  0|TAMS 0x0000000086200000, 0x0000000086200000|
|  63|0x0000000086300000, 0x0000000086300000, 0x0000000086400000|  0%| F|  |TS  0|AC  0|TAMS 0x0000000086300000, 0x0000000086300000|
|  64|0x0000000086400000, 0x0000000086400000, 0x0000000086500000|  0%| F|  |TS  0|AC  0|TAMS 0x0000000086400000, 0x0000000086400000|
|  65|0x0000000086500000, 0x0000000086500000, 0x0000000086600000|  0%| F|  |TS  0|AC  0|TAMS 0x0000000086500000, 0x0000000086500000|
|  66|0x0000000086600000, 0x0000000086600000, 0x0000000086700000|  0%| F|  |TS  0|AC  0|TAMS 0x0000000086600000, 0x0000000086600000|
|  67|0x0000000086700000, 0x0000000086700000, 0x0000000086800000|  0%| F|  |TS  0|AC  0|TAMS 0x0000000086700000, 0x0000000086700000|
|  68|0x0000000086800000, 0x0000000086800000, 0x0000000086900000|  0%| F|  |TS  0|AC  0|TAMS 0x0000000086800000, 0x0000000086800000|
|  69|0x0000000086900000, 0x0000000086900000, 0x0000000086a00000|  0%| F|  |TS  0|AC  0|TAMS 0x0000000086900000, 0x0000000086900000|
|  70|0x0000000086a00000, 0x0000000086a00000, 0x0000000086b00000|  0%| F|  |TS  0|AC  0|TAMS 0x0000000086a00000, 0x0000000086a00000|
|  71|0x0000000086b00000, 0x0000000086b00000, 0x0000000086c00000|  0%| F|  |TS  0|AC  0|TAMS 0x0000000086b00000, 0x0000000086b00000|
|  72|0x0000000086c00000, 0x0000000086c00000, 0x0000000086d00000|  0%| F|  |TS  0|AC  0|TAMS 0x0000000086c00000, 0x0000000086c00000|
|  73|0x0000000086d00000, 0x0000000086d00000, 0x0000000086e00000|  0%| F|  |TS  0|AC  0|TAMS 0x0000000086d00000, 0x0000000086d00000|
|  74|0x0000000086e00000, 0x0000000086e00000, 0x0000000086f00000|  0%| F|  |TS  0|AC  0|TAMS 0x0000000086e00000, 0x0000000086e00000|
|  75|0x0000000086f00000, 0x0000000086f00000, 0x0000000087000000|  0%| F|  |TS  0|AC  0|TAMS 0x0000000086f00000, 0x0000000086f00000|
|  76|0x0000000087000000, 0x0000000087000000, 0x0000000087100000|  0%| F|  |TS  0|AC  0|TAMS 0x0000000087000000, 0x0000000087000000|
|  77|0x0000000087100000, 0x0000000087100000, 0x0000000087200000|  0%| F|  |TS  0|AC  0|TAMS 0x0000000087100000, 0x0000000087100000|
|  78|0x0000000087200000, 0x0000000087200000, 0x0000000087300000|  0%| F|  |TS  0|AC  0|TAMS 0x0000000087200000, 0x0000000087200000|
|  79|0x0000000087300000, 0x0000000087300000, 0x0000000087400000|  0%| F|  |TS  0|AC  0|TAMS 0x0000000087300000, 0x0000000087300000|
|  80|0x0000000087400000, 0x0000000087400000, 0x0000000087500000|  0%| F|  |TS  0|AC  0|TAMS 0x0000000087400000, 0x0000000087400000|
|  81|0x0000000087500000, 0x0000000087500000, 0x0000000087600000|  0%| F|  |TS  0|AC  0|TAMS 0x0000000087500000, 0x0000000087500000|
|  82|0x0000000087600000, 0x0000000087600000, 0x0000000087700000|  0%| F|  |TS  0|AC  0|TAMS 0x0000000087600000, 0x0000000087600000|
|  83|0x0000000087700000, 0x0000000087700000, 0x0000000087800000|  0%| F|  |TS  0|AC  0|TAMS 0x0000000087700000, 0x0000000087700000|
|  84|0x0000000087800000, 0x0000000087800000, 0x0000000087900000|  0%| F|  |TS  0|AC  0|TAMS 0x0000000087800000, 0x0000000087800000|
|  85|0x0000000087900000, 0x0000000087900000, 0x0000000087a00000|  0%| F|  |TS  0|AC  0|TAMS 0x0000000087900000, 0x0000000087900000|
|  86|0x0000000087a00000, 0x0000000087a00000, 0x0000000087b00000|  0%| F|  |TS  0|AC  0|TAMS 0x0000000087a00000, 0x0000000087a00000|
|  87|0x0000000087b00000, 0x0000000087b00000, 0x0000000087c00000|  0%| F|  |TS  0|AC  0|TAMS 0x0000000087b00000, 0x0000000087b00000|
|  88|0x0000000087c00000, 0x0000000087c00000, 0x0000000087d00000|  0%| F|  |TS  0|AC  0|TAMS 0x0000000087c00000, 0x0000000087c00000|
|  89|0x0000000087d00000, 0x0000000087d00000, 0x0000000087e00000|  0%| F|  |TS  0|AC  0|TAMS 0x0000000087d00000, 0x0000000087d00000|
|  90|0x0000000087e00000, 0x0000000087e00000, 0x0000000087f00000|  0%| F|  |TS  0|AC  0|TAMS 0x0000000087e00000, 0x0000000087e00000|
|  91|0x0000000087f00000, 0x0000000087f00000, 0x0000000088000000|  0%| F|  |TS  0|AC  0|TAMS 0x0000000087f00000, 0x0000000087f00000|
|  92|0x0000000088000000, 0x0000000088000000, 0x0000000088100000|  0%| F|  |TS  0|AC  0|TAMS 0x0000000088000000, 0x0000000088000000|
|  93|0x0000000088100000, 0x0000000088100000, 0x0000000088200000|  0%| F|  |TS  0|AC  0|TAMS 0x0000000088100000, 0x0000000088100000|
|  94|0x0000000088200000, 0x0000000088200000, 0x0000000088300000|  0%| F|  |TS  0|AC  0|TAMS 0x0000000088200000, 0x0000000088200000|
|  95|0x0000000088300000, 0x0000000088300000, 0x0000000088400000|  0%| F|  |TS  0|AC  0|TAMS 0x0000000088300000, 0x0000000088300000|
|  96|0x0000000088400000, 0x0000000088400000, 0x0000000088500000|  0%| F|  |TS  0|AC  0|TAMS 0x0000000088400000, 0x0000000088400000|
|  97|0x0000000088500000, 0x0000000088500000, 0x0000000088600000|  0%| F|  |TS  0|AC  0|TAMS 0x0000000088500000, 0x0000000088500000|
|  98|0x0000000088600000, 0x0000000088600000, 0x0000000088700000|  0%| F|  |TS  0|AC  0|TAMS 0x0000000088600000, 0x0000000088600000|
|  99|0x0000000088700000, 0x0000000088700000, 0x0000000088800000|  0%| F|  |TS  0|AC  0|TAMS 0x0000000088700000, 0x0000000088700000|
| 100|0x0000000088800000, 0x0000000088800000, 0x0000000088900000|  0%| F|  |TS  0|AC  0|TAMS 0x0000000088800000, 0x0000000088800000|
| 101|0x0000000088900000, 0x0000000088900000, 0x0000000088a00000|  0%| F|  |TS  0|AC  0|TAMS 0x0000000088900000, 0x0000000088900000|
| 102|0x0000000088a00000, 0x0000000088a00000, 0x0000000088b00000|  0%| F|  |TS  0|AC  0|TAMS 0x0000000088a00000, 0x0000000088a00000|
| 103|0x0000000088b00000, 0x0000000088b00000, 0x0000000088c00000|  0%| F|  |TS  0|AC  0|TAMS 0x0000000088b00000, 0x0000000088b00000|
| 104|0x0000000088c00000, 0x0000000088c00000, 0x0000000088d00000|  0%| F|  |TS  0|AC  0|TAMS 0x0000000088c00000, 0x0000000088c00000|
| 105|0x0000000088d00000, 0x0000000088d00000, 0x0000000088e00000|  0%| F|  |TS  0|AC  0|TAMS 0x0000000088d00000, 0x0000000088d00000|
| 106|0x0000000088e00000, 0x0000000088e00000, 0x0000000088f00000|  0%| F|  |TS  0|AC  0|TAMS 0x0000000088e00000, 0x0000000088e00000|
| 107|0x0000000088f00000, 0x0000000088f00000, 0x0000000089000000|  0%| F|  |TS  0|AC  0|TAMS 0x0000000088f00000, 0x0000000088f00000|
| 108|0x0000000089000000, 0x0000000089000000, 0x0000000089100000|  0%| F|  |TS  0|AC  0|TAMS 0x0000000089000000, 0x0000000089000000|
| 109|0x0000000089100000, 0x0000000089100000, 0x0000000089200000|  0%| F|  |TS  0|AC  0|TAMS 0x0000000089100000, 0x0000000089100000|
| 110|0x0000000089200000, 0x0000000089200000, 0x0000000089300000|  0%| F|  |TS  0|AC  0|TAMS 0x0000000089200000, 0x0000000089200000|
| 111|0x0000000089300000, 0x0000000089300000, 0x0000000089400000|  0%| F|  |TS  0|AC  0|TAMS 0x0000000089300000, 0x0000000089300000|
| 112|0x0000000089400000, 0x0000000089400000, 0x0000000089500000|  0%| F|  |TS  0|AC  0|TAMS 0x0000000089400000, 0x0000000089400000|
| 113|0x0000000089500000, 0x0000000089500000, 0x0000000089600000|  0%| F|  |TS  0|AC  0|TAMS 0x0000000089500000, 0x0000000089500000|
| 114|0x0000000089600000, 0x0000000089600000, 0x0000000089700000|  0%| F|  |TS  0|AC  0|TAMS 0x0000000089600000, 0x0000000089600000|
| 115|0x0000000089700000, 0x000000008977b698, 0x0000000089800000| 48%| E|  |TS  0|AC  0|TAMS 0x0000000089700000, 0x0000000089700000|
| 116|0x0000000089800000, 0x0000000089900000, 0x0000000089900000|100%| E|CS|TS  0|AC  0|TAMS 0x0000000089800000, 0x0000000089800000|
| 117|0x0000000089900000, 0x0000000089a00000, 0x0000000089a00000|100%| E|CS|TS  0|AC  0|TAMS 0x0000000089900000, 0x0000000089900000|
| 118|0x0000000089a00000, 0x0000000089b00000, 0x0000000089b00000|100%| E|CS|TS  0|AC  0|TAMS 0x0000000089a00000, 0x0000000089a00000|
| 119|0x0000000089b00000, 0x0000000089c00000, 0x0000000089c00000|100%| E|CS|TS  0|AC  0|TAMS 0x0000000089b00000, 0x0000000089b00000|
| 120|0x0000000089c00000, 0x0000000089d00000, 0x0000000089d00000|100%| E|CS|TS  0|AC  0|TAMS 0x0000000089c00000, 0x0000000089c00000|
| 121|0x0000000089d00000, 0x0000000089e00000, 0x0000000089e00000|100%| E|CS|TS  0|AC  0|TAMS 0x0000000089d00000, 0x0000000089d00000|
| 122|0x0000000089e00000, 0x0000000089f00000, 0x0000000089f00000|100%| E|CS|TS  0|AC  0|TAMS 0x0000000089e00000, 0x0000000089e00000|
| 123|0x0000000089f00000, 0x000000008a000000, 0x000000008a000000|100%| E|CS|TS  0|AC  0|TAMS 0x0000000089f00000, 0x0000000089f00000|
| 124|0x000000008a000000, 0x000000008a100000, 0x000000008a100000|100%| E|CS|TS  0|AC  0|TAMS 0x000000008a000000, 0x000000008a000000|
| 125|0x000000008a100000, 0x000000008a200000, 0x000000008a200000|100%| E|CS|TS  0|AC  0|TAMS 0x000000008a100000, 0x000000008a100000|

Card table byte_map: [0x000002b6dcd00000,0x000002b6dd0f0000] byte_map_base: 0x000002b6dc8ee000

Marking Bits (Prev, Next): (CMBitMap*) 0x000002b6c0b88460, (CMBitMap*) 0x000002b6c0b88498
 Prev Bits: [0x000002b6dd4e0000, 0x000002b6df450000)
 Next Bits: [0x000002b6df450000, 0x000002b6e13c0000)

Polling page: 0x000002b6c0aa0000

CodeHeap 'non-profiled nmethods': size=120000Kb used=190Kb max_used=190Kb free=119809Kb
 bounds [0x000002b6d4580000, 0x000002b6d47f0000, 0x000002b6dbab0000]
CodeHeap 'profiled nmethods': size=120000Kb used=1098Kb max_used=1098Kb free=118901Kb
 bounds [0x000002b6cd050000, 0x000002b6cd2c0000, 0x000002b6d4580000]
CodeHeap 'non-nmethods': size=5760Kb used=1199Kb max_used=1217Kb free=4560Kb
 bounds [0x000002b6ccab0000, 0x000002b6ccd20000, 0x000002b6cd050000]
 total_blobs=1065 nmethods=591 adapters=259
 compilation: enabled

Compilation events (10 events):
Event: 0.472 Thread 0x000002b6e4762800  586   !   3       jdk.internal.loader.BuiltinClassLoader::loadClassOrNull (143 bytes)
Event: 0.474 Thread 0x000002b6e4762800 nmethod 586 0x000002b6cd15e290 code [0x000002b6cd15e600, 0x000002b6cd160250]
Event: 0.474 Thread 0x000002b6e4762800  587       3       java.lang.ClassLoader::getClassLoadingLock (35 bytes)
Event: 0.474 Thread 0x000002b6e4762800 nmethod 587 0x000002b6cd160d10 code [0x000002b6cd160ee0, 0x000002b6cd1612b0]
Event: 0.474 Thread 0x000002b6e4762800  588       3       java.lang.ClassLoader::findLoadedClass (16 bytes)
Event: 0.474 Thread 0x000002b6e4762800 nmethod 588 0x000002b6cd161410 code [0x000002b6cd1615e0, 0x000002b6cd161820]
Event: 0.474 Thread 0x000002b6e4762800  590       3       jdk.internal.loader.BuiltinClassLoader::findLoadedModule (33 bytes)
Event: 0.475 Thread 0x000002b6e4762800 nmethod 590 0x000002b6cd161910 code [0x000002b6cd161b40, 0x000002b6cd162440]
Event: 0.476 Thread 0x000002b6e4762800  591       3       com.intellij.rt.execution.junit.MapSerializerUtil$1::escape (124 bytes)
Event: 0.476 Thread 0x000002b6e4762800 nmethod 591 0x000002b6cd162690 code [0x000002b6cd162840, 0x000002b6cd162ab8]

GC Heap History (0 events):
No events

Deoptimization events (3 events):
Event: 0.126 Thread 0x000002b6c0af6000 Uncommon trap: reason=range_check action=reinterpret pc=0x000002b6d4585690 method=java.lang.StringLatin1.indexOf([BII)I @ 13 c2
Event: 0.226 Thread 0x000002b6c0af6000 Uncommon trap: reason=unstable_if action=reinterpret pc=0x000002b6d4582e7c method=java.lang.String.charAt(I)C @ 4 c2
Event: 0.391 Thread 0x000002b6c0af6000 Uncommon trap: reason=unstable_if action=reinterpret pc=0x000002b6d45a5a6c method=java.util.HashMap.getNode(ILjava/lang/Object;)Ljava/util/HashMap$Node; @ 129 c2

Classes redefined (4 events):
Event: 79.687 Thread 0x000002b6e46f7800 redefined class name=com.iba.project.tools.formula.parser.VariableCounter, count=1
Event: 389.288 Thread 0x000002b6e46f7800 redefined class name=com.iba.project.tools.formula.parser.VariableCounter, count=2
Event: 455.695 Thread 0x000002b6e46f7800 redefined class name=com.iba.project.tools.formula.parser.VariableCounter, count=3
Event: 606.467 Thread 0x000002b6e46f7800 redefined class name=com.iba.project.tools.formula.parser.VariableCounter, count=4

Internal exceptions (8 events):
Event: 0.240 Thread 0x000002b6c0af6000 Exception <a 'java/io/FileNotFoundException'{0x0000000089db9140}> (0x0000000089db9140) thrown at [t:/workspace/hotspot/src/share/vm/prims/jni.cpp, line 604]
Event: 0.282 Thread 0x000002b6c0af6000 Exception <a 'java/lang/NoSuchMethodError'{0x0000000089cde930}: java.lang.invoke.DirectMethodHandle$Holder.invokeInterface(Ljava/lang/Object;Ljava/lang/Object;)Ljava/lang/Object;> (0x0000000089cde930) thrown at [t:/workspace/hotspot/src/share/vm/interpret
Event: 0.286 Thread 0x000002b6c0af6000 Exception <a 'java/lang/NoSuchMethodError'{0x0000000089cfc960}: java.lang.invoke.DirectMethodHandle$Holder.invokeInterface(Ljava/lang/Object;Ljava/lang/Object;Ljava/lang/Object;)I> (0x0000000089cfc960) thrown at [t:/workspace/hotspot/src/share/vm/interpre
Event: 0.373 Thread 0x000002b6c0af6000 Exception <a 'java/lang/NoSuchMethodError'{0x0000000089ae8600}: java.lang.invoke.DirectMethodHandle$Holder.invokeStatic(Ljava/lang/Object;Ljava/lang/Object;)I> (0x0000000089ae8600) thrown at [t:/workspace/hotspot/src/share/vm/interpreter/linkResolver.cpp,
Event: 0.376 Thread 0x000002b6c0af6000 Exception <a 'java/lang/NoSuchMethodError'{0x0000000089af8b28}: java.lang.Object.of([Ljava/lang/Object;)Ljava/util/stream/Stream;> (0x0000000089af8b28) thrown at [t:/workspace/hotspot/src/share/vm/interpreter/linkResolver.cpp, line 731]
Event: 0.434 Thread 0x000002b6c0af6000 Exception <a 'java/lang/NoSuchMethodError'{0x000000008982cdc0}: java.lang.Object.lambda$negate$3(I)Z> (0x000000008982cdc0) thrown at [t:/workspace/hotspot/src/share/vm/interpreter/linkResolver.cpp, line 731]
Event: 0.435 Thread 0x000002b6c0af6000 Exception <a 'java/lang/NoSuchMethodError'{0x0000000089830458}: java.lang.Object.lambda$union$3(Ljava/util/regex/Pattern$CharPredicate;I)Z> (0x0000000089830458) thrown at [t:/workspace/hotspot/src/share/vm/interpreter/linkResolver.cpp, line 731]
Event: 0.444 Thread 0x000002b6c0af6000 Exception <a 'java/lang/NoSuchMethodError'{0x0000000089858ac0}: java.lang.Object.lambda$union$2(Ljava/util/regex/Pattern$CharPredicate;I)Z> (0x0000000089858ac0) thrown at [t:/workspace/hotspot/src/share/vm/interpreter/linkResolver.cpp, line 731]

Events (10 events):
Event: 606.469 Executing VM operation: RedefineClasses done
Event: 606.471 Executing VM operation: GetFrameCount
Event: 606.471 Executing VM operation: GetFrameCount done
Event: 606.471 Executing VM operation: GetFrameCount
Event: 606.471 Executing VM operation: GetFrameCount done
Event: 606.471 Executing VM operation: GetFrameLocation
Event: 606.471 Executing VM operation: GetFrameLocation done
Event: 606.472 Executing VM operation: GetFrameLocation
Event: 606.472 Executing VM operation: GetFrameLocation done
Event: 606.472 Executing VM operation: GetOrSetLocal


Dynamic libraries:
0x00007ff7825e0000 - 0x00007ff78261e000 	C:\Program Files\Java\jdk-9.0.1\bin\java.exe
0x00007ffecdd90000 - 0x00007ffecdf6b000 	C:\Windows\SYSTEM32\ntdll.dll
0x00007ffecc2e0000 - 0x00007ffecc38e000 	C:\Windows\System32\KERNEL32.DLL
0x00007ffecaf10000 - 0x00007ffecb159000 	C:\Windows\System32\KERNELBASE.dll
0x00007ffecc680000 - 0x00007ffecc721000 	C:\Windows\System32\ADVAPI32.dll
0x00007ffecc5e0000 - 0x00007ffecc67d000 	C:\Windows\System32\msvcrt.dll
0x00007ffecbc50000 - 0x00007ffecbca9000 	C:\Windows\System32\sechost.dll
0x00007ffecbe00000 - 0x00007ffecbf25000 	C:\Windows\System32\RPCRT4.dll
0x00007ffecb800000 - 0x00007ffecb94a000 	C:\Windows\System32\USER32.dll
0x00007ffeca9b0000 - 0x00007ffeca9ce000 	C:\Windows\System32\win32u.dll
0x00007ffecbfe0000 - 0x00007ffecc007000 	C:\Windows\System32\GDI32.dll
0x00007ffecb160000 - 0x00007ffecb2e7000 	C:\Windows\System32\gdi32full.dll
0x00007ffecaaf0000 - 0x00007ffecab8a000 	C:\Windows\System32\msvcp_win.dll
0x00007ffecab90000 - 0x00007ffecac86000 	C:\Windows\System32\ucrtbase.dll
0x00007ffebaa30000 - 0x00007ffebac97000 	C:\Windows\WinSxS\amd64_microsoft.windows.common-controls_6595b64144ccf1df_6.0.15063.483_none_26002d27e7c744a2\COMCTL32.dll
0x00007ffec8710000 - 0x00007ffec871a000 	C:\Windows\SYSTEM32\VERSION.dll
0x00007ffecb950000 - 0x00007ffecbc49000 	C:\Windows\System32\combase.dll
0x00007ffecaa20000 - 0x00007ffecaa8a000 	C:\Windows\System32\bcryptPrimitives.dll
0x00007ffecc800000 - 0x00007ffecc82d000 	C:\Windows\System32\IMM32.DLL
0x00007ffec2640000 - 0x00007ffec272f000 	C:\Program Files\Java\jdk-9.0.1\bin\msvcr120.dll
0x00007ffec2590000 - 0x00007ffec2636000 	C:\Program Files\Java\jdk-9.0.1\bin\msvcp120.dll
0x0000000061370000 - 0x0000000061d94000 	C:\Program Files\Java\jdk-9.0.1\bin\server\jvm.dll
0x00007ffecb7f0000 - 0x00007ffecb7f8000 	C:\Windows\System32\PSAPI.DLL
0x00007ffebc830000 - 0x00007ffebc839000 	C:\Windows\SYSTEM32\WSOCK32.dll
0x00007ffec2430000 - 0x00007ffec2453000 	C:\Windows\SYSTEM32\WINMM.dll
0x00007ffecc1b0000 - 0x00007ffecc21c000 	C:\Windows\System32\WS2_32.dll
0x00007ffec22b0000 - 0x00007ffec22db000 	C:\Windows\SYSTEM32\winmmbase.dll
0x00007ffeca9d0000 - 0x00007ffecaa19000 	C:\Windows\System32\cfgmgr32.dll
0x00007ffec7290000 - 0x00007ffec729f000 	C:\Program Files\Java\jdk-9.0.1\bin\verify.dll
0x00007ffec71b0000 - 0x00007ffec71d7000 	C:\Program Files\Java\jdk-9.0.1\bin\java.dll
0x00007ffec1710000 - 0x00007ffec1746000 	C:\Program Files\Java\jdk-9.0.1\bin\jdwp.dll
0x00007ffec1760000 - 0x00007ffec178a000 	C:\Program Files\Java\jdk-9.0.1\bin\instrument.dll
0x00007ffec7190000 - 0x00007ffec71a6000 	C:\Program Files\Java\jdk-9.0.1\bin\zip.dll
0x00007ffec7200000 - 0x00007ffec720a000 	C:\Program Files\Java\jdk-9.0.1\bin\jimage.dll
0x00007ffecc950000 - 0x00007ffecdd87000 	C:\Windows\System32\SHELL32.dll
0x00007ffecbf30000 - 0x00007ffecbfda000 	C:\Windows\System32\shcore.dll
0x00007ffeca2b0000 - 0x00007ffeca9a1000 	C:\Windows\System32\windows.storage.dll
0x00007ffecc730000 - 0x00007ffecc781000 	C:\Windows\System32\shlwapi.dll
0x00007ffeca270000 - 0x00007ffeca281000 	C:\Windows\System32\kernel.appcore.dll
0x00007ffeca200000 - 0x00007ffeca24c000 	C:\Windows\System32\powrprof.dll
0x00007ffeca250000 - 0x00007ffeca265000 	C:\Windows\System32\profapi.dll
0x00007ffec68e0000 - 0x00007ffec68fa000 	C:\Program Files\Java\jdk-9.0.1\bin\net.dll
0x00007ffeb7a60000 - 0x00007ffeb7b36000 	C:\Windows\SYSTEM32\WINHTTP.dll
0x00007ffec97e0000 - 0x00007ffec983c000 	C:\Windows\system32\mswsock.dll
0x00007ffec65a0000 - 0x00007ffec65b1000 	C:\Program Files\Java\jdk-9.0.1\bin\nio.dll
0x00007ffec55b0000 - 0x00007ffec55ba000 	C:\Program Files\Java\jdk-9.0.1\bin\dt_socket.dll
0x00007ffec9dd0000 - 0x00007ffec9f79000 	C:\Windows\SYSTEM32\dbghelp.dll

VM Arguments:
jvm_args: -agentlib:jdwp=transport=dt_socket,address=127.0.0.1:51014,suspend=y,server=n -ea -Didea.test.cyclic.buffer.size=1048576 -javaagent:C:\Users\OLEG\AppData\Local\JetBrains\Toolbox\apps\IDEA-U\ch-0\173.3942.27\lib\rt\debugger-agent.jar=C:\Users\OLEG\AppData\Local\Temp\capture44551.props -Dfile.encoding=UTF-8 
java_command: com.intellij.rt.execution.junit.JUnitStarter -ideVersion5 -junit4 com.iba.project.tools.formula.parser.VariableCounterTest
java_class_path (initial): C:\Users\OLEG\AppData\Local\JetBrains\Toolbox\apps\IDEA-U\ch-0\173.3942.27\lib\idea_rt.jar;C:\Users\OLEG\AppData\Local\JetBrains\Toolbox\apps\IDEA-U\ch-0\173.3942.27\plugins\junit\lib\junit-rt.jar;C:\Users\OLEG\AppData\Local\JetBrains\Toolbox\apps\IDEA-U\ch-0\173.3942.27\plugins\junit\lib\junit5-rt.jar;C:\Users\OLEG\Documents\GitHub\IBA.MATH.FORMULA.COUNTER\target\test-classes;C:\Users\OLEG\Documents\GitHub\IBA.MATH.FORMULA.COUNTER\target\classes;C:\Users\OLEG\.m2\repository\org\apache\logging\log4j\log4j-1.2-api\2.9.1\log4j-1.2-api-2.9.1.jar;C:\Users\OLEG\.m2\repository\org\apache\logging\log4j\log4j-api\2.9.1\log4j-api-2.9.1.jar;C:\Users\OLEG\.m2\repository\org\apache\logging\log4j\log4j-core\2.9.1\log4j-core-2.9.1.jar;C:\Users\OLEG\.m2\repository\junit\junit\4.12\junit-4.12.jar;C:\Users\OLEG\.m2\repository\org\hamcrest\hamcrest-core\1.3\hamcrest-core-1.3.jar;C:\Users\OLEG\.m2\repository\org\testng\testng\6.13.1\testng-6.13.1.jar;C:\Users\OLEG\.m2\repository\com\beust\jcommander\1.72\jcommander-1.72.jar
Launcher Type: SUN_STANDARD

Logging:
Log output configuration:
#0: stdout all=warning uptime,level,tags
#1: stderr all=off uptime,level,tags

Environment Variables:
PATH=C:\ProgramData\Anaconda3;C:\ProgramData\Anaconda3\Library\mingw-w64\bin;C:\ProgramData\Anaconda3\Library\usr\bin;C:\ProgramData\Anaconda3\Library\bin;C:\ProgramData\Anaconda3\Scripts;C:\ProgramData\Oracle\Java\javapath;C:\Program Files (x86)\Intel\iCLS Client\;C:\Program Files\Intel\iCLS Client\;C:\Windows\system32;C:\Windows;C:\Windows\System32\Wbem;C:\Windows\System32\WindowsPowerShell\v1.0\;C:\Program Files (x86)\NVIDIA Corporation\PhysX\Common;C:\Program Files (x86)\Intel\Intel(R) Management Engine Components\DAL;C:\Program Files\Intel\Intel(R) Management Engine Components\DAL;C:\Program Files (x86)\Intel\Intel(R) Management Engine Components\IPT;C:\Program Files\Intel\Intel(R) Management Engine Components\IPT;C:\Program Files (x86)\Wolfram Research\WolframScript\;C:\Users\OLEG\AppData\Local\Microsoft\WindowsApps;C:\Users\OLEG\AppData\Local\GitHubDesktop\bin
USERNAME=OLEG
OS=Windows_NT
PROCESSOR_IDENTIFIER=Intel64 Family 6 Model 158 Stepping 9, GenuineIntel



---------------  S Y S T E M  ---------------

OS: Windows 10 , 64 bit Build 15063 (10.0.15063.296)

CPU:total 8 (initial active 8) (4 cores per cpu, 2 threads per core) family 6 model 158 stepping 9, cmov, cx8, fxsr, mmx, sse, sse2, sse3, ssse3, sse4.1, sse4.2, popcnt, avx, avx2, aes, clmul, erms, 3dnowpref, lzcnt, ht, tsc, tscinvbit, bmi1, bmi2, adx, fma

Memory: 4k page, physical 8236996k(3203348k free), swap 16101316k(8767356k free)

vm_info: Java HotSpot(TM) 64-Bit Server VM (9.0.1+11) for windows-amd64 JRE (9.0.1+11), built on Sep 28 2017 04:54:03 by "mach5one" with MS VC++ 12.0 (VS2013)

END.
